<?xml version="1.0" encoding="UTF-8"?>
<testsuite name="org.example.study.springboot.web.dto.HelloResponseDtoTest" tests="1" skipped="0" failures="0" errors="0" timestamp="2022-12-27T14:11:34" hostname="DESKTOP-OQG6H09" time="0.007">
  <properties/>
  <testcase name="롬복_기능_테스트" classname="org.example.study.springboot.web.dto.HelloResponseDtoTest" time="0.007"/>
  <system-out><![CDATA[]]></system-out>
  <system-err><![CDATA[]]></system-err>
</testsuite>
