<?xml version="1.0" encoding="UTF-8"?>
<testsuite name="org.example.study.springboot.web.PostsApiControllerTest" tests="2" skipped="0" failures="0" errors="0" timestamp="2022-12-27T14:11:35" hostname="DESKTOP-OQG6H09" time="0.059">
  <properties/>
  <testcase name="Posts_등록된다" classname="org.example.study.springboot.web.PostsApiControllerTest" time="0.043"/>
  <testcase name="Posts_수정된다" classname="org.example.study.springboot.web.PostsApiControllerTest" time="0.016"/>
  <system-out><![CDATA[2022-12-27 23:11:35.488  INFO 20304 --- [    Test worker] .b.t.c.SpringBootTestContextBootstrapper : Neither @ContextConfiguration nor @ContextHierarchy found for test class [org.example.study.springboot.web.PostsApiControllerTest], using SpringBootContextLoader
2022-12-27 23:11:35.488  INFO 20304 --- [    Test worker] o.s.t.c.support.AbstractContextLoader    : Could not detect default resource locations for test class [org.example.study.springboot.web.PostsApiControllerTest]: no resource found for suffixes {-context.xml, Context.groovy}.
2022-12-27 23:11:35.488  INFO 20304 --- [    Test worker] t.c.s.AnnotationConfigContextLoaderUtils : Could not detect default configuration classes for test class [org.example.study.springboot.web.PostsApiControllerTest]: PostsApiControllerTest does not declare any static, non-private, non-final, nested classes annotated with @Configuration.
2022-12-27 23:11:35.489  INFO 20304 --- [    Test worker] .b.t.c.SpringBootTestContextBootstrapper : Found @SpringBootConfiguration org.example.study.springboot.Application for test class org.example.study.springboot.web.PostsApiControllerTest
2022-12-27 23:11:35.490  INFO 20304 --- [    Test worker] .b.t.c.SpringBootTestContextBootstrapper : Loaded default TestExecutionListener class names from location [META-INF/spring.factories]: [org.springframework.security.test.context.support.WithSecurityContextTestExecutionListener, org.springframework.security.test.context.support.ReactorContextTestExecutionListener, org.springframework.boot.test.autoconfigure.restdocs.RestDocsTestExecutionListener, org.springframework.boot.test.autoconfigure.web.client.MockRestServiceServerResetTestExecutionListener, org.springframework.boot.test.autoconfigure.web.servlet.MockMvcPrintOnlyOnFailureTestExecutionListener, org.springframework.boot.test.autoconfigure.web.servlet.WebDriverTestExecutionListener, org.springframework.boot.test.mock.mockito.MockitoTestExecutionListener, org.springframework.boot.test.mock.mockito.ResetMocksTestExecutionListener, org.springframework.test.context.web.ServletTestExecutionListener, org.springframework.test.context.support.DirtiesContextBeforeModesTestExecutionListener, org.springframework.test.context.support.DependencyInjectionTestExecutionListener, org.springframework.test.context.support.DirtiesContextTestExecutionListener, org.springframework.test.context.transaction.TransactionalTestExecutionListener, org.springframework.test.context.jdbc.SqlScriptsTestExecutionListener]
2022-12-27 23:11:35.491  INFO 20304 --- [    Test worker] .b.t.c.SpringBootTestContextBootstrapper : Using TestExecutionListeners: [org.springframework.test.context.web.ServletTestExecutionListener@4c843b04, org.springframework.test.context.support.DirtiesContextBeforeModesTestExecutionListener@74d078a2, org.springframework.boot.test.mock.mockito.MockitoTestExecutionListener@7568e705, org.springframework.boot.test.autoconfigure.SpringBootDependencyInjectionTestExecutionListener@5f22277c, org.springframework.test.context.support.DirtiesContextTestExecutionListener@32936b87, org.springframework.test.context.transaction.TransactionalTestExecutionListener@4571001f, org.springframework.test.context.jdbc.SqlScriptsTestExecutionListener@7793977b, org.springframework.security.test.context.support.WithSecurityContextTestExecutionListener@39c45732, org.springframework.security.test.context.support.ReactorContextTestExecutionListener@1022dcde, org.springframework.boot.test.autoconfigure.restdocs.RestDocsTestExecutionListener@5d9e473d, org.springframework.boot.test.autoconfigure.web.client.MockRestServiceServerResetTestExecutionListener@36dd2bba, org.springframework.boot.test.autoconfigure.web.servlet.MockMvcPrintOnlyOnFailureTestExecutionListener@2d3b9794, org.springframework.boot.test.autoconfigure.web.servlet.WebDriverTestExecutionListener@2b796ac1, org.springframework.boot.test.mock.mockito.ResetMocksTestExecutionListener@471673c]
2022-12-27 23:11:35.495  INFO 20304 --- [    Test worker] o.a.c.c.C.[Tomcat].[localhost].[/]       : Initializing Spring TestDispatcherServlet ''
2022-12-27 23:11:35.495  INFO 20304 --- [    Test worker] o.s.t.web.servlet.TestDispatcherServlet  : Initializing Servlet ''
2022-12-27 23:11:35.496  INFO 20304 --- [    Test worker] o.s.t.web.servlet.TestDispatcherServlet  : Completed initialization in 1 ms
2022-12-27 23:11:35.537  INFO 20304 --- [    Test worker] o.a.c.c.C.[Tomcat].[localhost].[/]       : Initializing Spring TestDispatcherServlet ''
2022-12-27 23:11:35.537  INFO 20304 --- [    Test worker] o.s.t.web.servlet.TestDispatcherServlet  : Initializing Servlet ''
2022-12-27 23:11:35.538  INFO 20304 --- [    Test worker] o.s.t.web.servlet.TestDispatcherServlet  : Completed initialization in 1 ms
]]></system-out>
  <system-err><![CDATA[]]></system-err>
</testsuite>
