<?xml version="1.0" encoding="UTF-8"?>
<testsuite name="org.example.study.springboot.domain.posts.PostsRepositoryTest" tests="2" skipped="0" failures="0" errors="0" timestamp="2022-12-27T14:11:34" hostname="DESKTOP-OQG6H09" time="0.085">
  <properties/>
  <testcase name="게시글저장_불러오기" classname="org.example.study.springboot.domain.posts.PostsRepositoryTest" time="0.08"/>
  <testcase name="BaseTimeEntity_등록" classname="org.example.study.springboot.domain.posts.PostsRepositoryTest" time="0.005"/>
  <system-out><![CDATA[2022-12-27 23:11:33.338  INFO 20304 --- [    Test worker] .b.t.c.SpringBootTestContextBootstrapper : Neither @ContextConfiguration nor @ContextHierarchy found for test class [org.example.study.springboot.domain.posts.PostsRepositoryTest], using SpringBootContextLoader
2022-12-27 23:11:33.339  INFO 20304 --- [    Test worker] o.s.t.c.support.AbstractContextLoader    : Could not detect default resource locations for test class [org.example.study.springboot.domain.posts.PostsRepositoryTest]: no resource found for suffixes {-context.xml, Context.groovy}.
2022-12-27 23:11:33.339  INFO 20304 --- [    Test worker] t.c.s.AnnotationConfigContextLoaderUtils : Could not detect default configuration classes for test class [org.example.study.springboot.domain.posts.PostsRepositoryTest]: PostsRepositoryTest does not declare any static, non-private, non-final, nested classes annotated with @Configuration.
2022-12-27 23:11:33.347  INFO 20304 --- [    Test worker] .b.t.c.SpringBootTestContextBootstrapper : Found @SpringBootConfiguration org.example.study.springboot.Application for test class org.example.study.springboot.domain.posts.PostsRepositoryTest
2022-12-27 23:11:33.348  INFO 20304 --- [    Test worker] .b.t.c.SpringBootTestContextBootstrapper : Loaded default TestExecutionListener class names from location [META-INF/spring.factories]: [org.springframework.security.test.context.support.WithSecurityContextTestExecutionListener, org.springframework.security.test.context.support.ReactorContextTestExecutionListener, org.springframework.boot.test.autoconfigure.restdocs.RestDocsTestExecutionListener, org.springframework.boot.test.autoconfigure.web.client.MockRestServiceServerResetTestExecutionListener, org.springframework.boot.test.autoconfigure.web.servlet.MockMvcPrintOnlyOnFailureTestExecutionListener, org.springframework.boot.test.autoconfigure.web.servlet.WebDriverTestExecutionListener, org.springframework.boot.test.mock.mockito.MockitoTestExecutionListener, org.springframework.boot.test.mock.mockito.ResetMocksTestExecutionListener, org.springframework.test.context.web.ServletTestExecutionListener, org.springframework.test.context.support.DirtiesContextBeforeModesTestExecutionListener, org.springframework.test.context.support.DependencyInjectionTestExecutionListener, org.springframework.test.context.support.DirtiesContextTestExecutionListener, org.springframework.test.context.transaction.TransactionalTestExecutionListener, org.springframework.test.context.jdbc.SqlScriptsTestExecutionListener]
2022-12-27 23:11:33.349  INFO 20304 --- [    Test worker] .b.t.c.SpringBootTestContextBootstrapper : Using TestExecutionListeners: [org.springframework.test.context.web.ServletTestExecutionListener@1c4d7b76, org.springframework.test.context.support.DirtiesContextBeforeModesTestExecutionListener@44d3c29a, org.springframework.boot.test.mock.mockito.MockitoTestExecutionListener@719add9c, org.springframework.boot.test.autoconfigure.SpringBootDependencyInjectionTestExecutionListener@5c46f2b1, org.springframework.test.context.support.DirtiesContextTestExecutionListener@2b27a484, org.springframework.test.context.transaction.TransactionalTestExecutionListener@713a6468, org.springframework.test.context.jdbc.SqlScriptsTestExecutionListener@566b21ee, org.springframework.security.test.context.support.WithSecurityContextTestExecutionListener@3dd382e8, org.springframework.security.test.context.support.ReactorContextTestExecutionListener@2b460252, org.springframework.boot.test.autoconfigure.restdocs.RestDocsTestExecutionListener@9fd2a76, org.springframework.boot.test.autoconfigure.web.client.MockRestServiceServerResetTestExecutionListener@6961ef6, org.springframework.boot.test.autoconfigure.web.servlet.MockMvcPrintOnlyOnFailureTestExecutionListener@27f3180e, org.springframework.boot.test.autoconfigure.web.servlet.WebDriverTestExecutionListener@3c3cca30, org.springframework.boot.test.mock.mockito.ResetMocksTestExecutionListener@5c72f95b]

  .   ____          _            __ _ _
 /\\ / ___'_ __ _ _(_)_ __  __ _ \ \ \ \
( ( )\___ | '_ | '_| | '_ \/ _` | \ \ \ \
 \\/  ___)| |_)| | | | | || (_| |  ) ) ) )
  '  |____| .__|_| |_|_| |_\__, | / / / /
 =========|_|==============|___/=/_/_/_/
 :: Spring Boot ::        (v2.1.7.RELEASE)

2022-12-27 23:11:33.377  INFO 20304 --- [    Test worker] o.e.s.s.d.posts.PostsRepositoryTest      : Starting PostsRepositoryTest on DESKTOP-OQG6H09 with PID 20304 (started by lsh3717 in C:\Users\lsh37\OneDrive\바탕 화면\springbootStudy)
2022-12-27 23:11:33.377  INFO 20304 --- [    Test worker] o.e.s.s.d.posts.PostsRepositoryTest      : No active profile set, falling back to default profiles: default
2022-12-27 23:11:33.550  INFO 20304 --- [    Test worker] .s.d.r.c.RepositoryConfigurationDelegate : Bootstrapping Spring Data repositories in DEFAULT mode.
2022-12-27 23:11:33.576  INFO 20304 --- [    Test worker] .s.d.r.c.RepositoryConfigurationDelegate : Finished Spring Data repository scanning in 26ms. Found 2 repository interfaces.
2022-12-27 23:11:33.662  INFO 20304 --- [    Test worker] trationDelegate$BeanPostProcessorChecker : Bean 'org.springframework.transaction.annotation.ProxyTransactionManagementConfiguration' of type [org.springframework.transaction.annotation.ProxyTransactionManagementConfiguration$$EnhancerBySpringCGLIB$$c85ae0d6] is not eligible for getting processed by all BeanPostProcessors (for example: not eligible for auto-proxying)
2022-12-27 23:11:33.722  INFO 20304 --- [    Test worker] com.zaxxer.hikari.HikariDataSource       : HikariPool-2 - Starting...
2022-12-27 23:11:33.723  INFO 20304 --- [    Test worker] com.zaxxer.hikari.HikariDataSource       : HikariPool-2 - Start completed.
2022-12-27 23:11:33.746  INFO 20304 --- [    Test worker] o.hibernate.jpa.internal.util.LogHelper  : HHH000204: Processing PersistenceUnitInfo [
	name: default
	...]
2022-12-27 23:11:33.755  INFO 20304 --- [    Test worker] org.hibernate.dialect.Dialect            : HHH000400: Using dialect: org.hibernate.dialect.MySQL5InnoDBDialect
2022-12-27 23:11:33.787  INFO 20304 --- [    Test worker] o.h.t.schema.internal.SchemaCreatorImpl  : HHH000476: Executing import script 'org.hibernate.tool.schema.internal.exec.ScriptSourceInputNonExistentImpl@18a97b87'
2022-12-27 23:11:33.787  INFO 20304 --- [    Test worker] j.LocalContainerEntityManagerFactoryBean : Initialized JPA EntityManagerFactory for persistence unit 'default'
2022-12-27 23:11:33.928  INFO 20304 --- [    Test worker] o.h.h.i.QueryTranslatorFactoryInitiator  : HHH000397: Using ASTQueryTranslatorFactory
2022-12-27 23:11:34.071  INFO 20304 --- [    Test worker] o.s.s.web.DefaultSecurityFilterChain     : Creating filter chain: any request, [org.springframework.security.web.context.request.async.WebAsyncManagerIntegrationFilter@76921f7d, org.springframework.security.web.context.SecurityContextPersistenceFilter@5f5ca6c7, org.springframework.security.web.header.HeaderWriterFilter@19f1c572, org.springframework.security.web.authentication.logout.LogoutFilter@517a7572, org.springframework.security.oauth2.client.web.OAuth2AuthorizationRequestRedirectFilter@724e9f72, org.springframework.security.oauth2.client.web.OAuth2LoginAuthenticationFilter@4bf0058f, org.springframework.security.web.authentication.ui.DefaultLoginPageGeneratingFilter@6b2a8c4e, org.springframework.security.web.authentication.ui.DefaultLogoutPageGeneratingFilter@37e826bd, org.springframework.security.web.savedrequest.RequestCacheAwareFilter@42b5e9e5, org.springframework.security.web.servletapi.SecurityContextHolderAwareRequestFilter@55f87e94, org.springframework.security.web.authentication.AnonymousAuthenticationFilter@315b8a3d, org.springframework.security.web.session.SessionManagementFilter@420f9c71, org.springframework.security.web.access.ExceptionTranslationFilter@22b7e869, org.springframework.security.web.access.intercept.FilterSecurityInterceptor@3a5f7c9e]
2022-12-27 23:11:34.314  INFO 20304 --- [    Test worker] o.s.s.concurrent.ThreadPoolTaskExecutor  : Initializing ExecutorService 'applicationTaskExecutor'
2022-12-27 23:11:34.324  WARN 20304 --- [    Test worker] aWebConfiguration$JpaWebMvcConfiguration : spring.jpa.open-in-view is enabled by default. Therefore, database queries may be performed during view rendering. Explicitly configure spring.jpa.open-in-view to disable this warning
2022-12-27 23:11:34.347  INFO 20304 --- [    Test worker] o.s.b.a.w.s.WelcomePageHandlerMapping    : Adding welcome page template: index
2022-12-27 23:11:34.632  INFO 20304 --- [    Test worker] s.a.ScheduledAnnotationBeanPostProcessor : No TaskScheduler/ScheduledExecutorService bean found for scheduled processing
2022-12-27 23:11:34.632  INFO 20304 --- [    Test worker] o.e.s.s.d.posts.PostsRepositoryTest      : Started PostsRepositoryTest in 1.278 seconds (JVM running for 7.626)
>>>>>>>>> createDate=2022-12-27T23:11:34.720, modifiedDate=2022-12-27T23:11:34.720
]]></system-out>
  <system-err><![CDATA[]]></system-err>
</testsuite>
