<?xml version="1.0" encoding="UTF-8"?>
<testsuite name="org.example.study.springboot.web.IndexControllerTest" tests="1" skipped="0" failures="0" errors="0" timestamp="2022-12-27T14:11:33" hostname="DESKTOP-OQG6H09" time="0.298">
  <properties/>
  <testcase name="메인페이지_로딩" classname="org.example.study.springboot.web.IndexControllerTest" time="0.298"/>
  <system-out><![CDATA[23:11:27.604 [Test worker] DEBUG org.springframework.test.context.junit4.SpringJUnit4ClassRunner - SpringJUnit4ClassRunner constructor called with [class org.example.study.springboot.web.IndexControllerTest]
23:11:27.610 [Test worker] DEBUG org.springframework.test.context.BootstrapUtils - Instantiating CacheAwareContextLoaderDelegate from class [org.springframework.test.context.cache.DefaultCacheAwareContextLoaderDelegate]
23:11:27.617 [Test worker] DEBUG org.springframework.test.context.BootstrapUtils - Instantiating BootstrapContext using constructor [public org.springframework.test.context.support.DefaultBootstrapContext(java.lang.Class,org.springframework.test.context.CacheAwareContextLoaderDelegate)]
23:11:27.629 [Test worker] DEBUG org.springframework.test.context.BootstrapUtils - Instantiating TestContextBootstrapper for test class [org.example.study.springboot.web.IndexControllerTest] from class [org.springframework.boot.test.context.SpringBootTestContextBootstrapper]
23:11:27.642 [Test worker] INFO org.springframework.boot.test.context.SpringBootTestContextBootstrapper - Neither @ContextConfiguration nor @ContextHierarchy found for test class [org.example.study.springboot.web.IndexControllerTest], using SpringBootContextLoader
23:11:27.644 [Test worker] DEBUG org.springframework.test.context.support.AbstractContextLoader - Did not detect default resource location for test class [org.example.study.springboot.web.IndexControllerTest]: class path resource [org/example/study/springboot/web/IndexControllerTest-context.xml] does not exist
23:11:27.645 [Test worker] DEBUG org.springframework.test.context.support.AbstractContextLoader - Did not detect default resource location for test class [org.example.study.springboot.web.IndexControllerTest]: class path resource [org/example/study/springboot/web/IndexControllerTestContext.groovy] does not exist
23:11:27.645 [Test worker] INFO org.springframework.test.context.support.AbstractContextLoader - Could not detect default resource locations for test class [org.example.study.springboot.web.IndexControllerTest]: no resource found for suffixes {-context.xml, Context.groovy}.
23:11:27.645 [Test worker] INFO org.springframework.test.context.support.AnnotationConfigContextLoaderUtils - Could not detect default configuration classes for test class [org.example.study.springboot.web.IndexControllerTest]: IndexControllerTest does not declare any static, non-private, non-final, nested classes annotated with @Configuration.
23:11:27.681 [Test worker] DEBUG org.springframework.test.context.support.ActiveProfilesUtils - Could not find an 'annotation declaring class' for annotation type [org.springframework.test.context.ActiveProfiles] and class [org.example.study.springboot.web.IndexControllerTest]
23:11:27.761 [Test worker] DEBUG org.springframework.context.annotation.ClassPathScanningCandidateComponentProvider - Identified candidate component class: file [C:\Users\lsh37\OneDrive\바탕 화면\springbootStudy\build\classes\java\main\org\example\study\springboot\Application.class]
23:11:27.763 [Test worker] INFO org.springframework.boot.test.context.SpringBootTestContextBootstrapper - Found @SpringBootConfiguration org.example.study.springboot.Application for test class org.example.study.springboot.web.IndexControllerTest
23:11:27.851 [Test worker] DEBUG org.springframework.boot.test.context.SpringBootTestContextBootstrapper - @TestExecutionListeners is not present for class [org.example.study.springboot.web.IndexControllerTest]: using defaults.
23:11:27.852 [Test worker] INFO org.springframework.boot.test.context.SpringBootTestContextBootstrapper - Loaded default TestExecutionListener class names from location [META-INF/spring.factories]: [org.springframework.security.test.context.support.WithSecurityContextTestExecutionListener, org.springframework.security.test.context.support.ReactorContextTestExecutionListener, org.springframework.boot.test.autoconfigure.restdocs.RestDocsTestExecutionListener, org.springframework.boot.test.autoconfigure.web.client.MockRestServiceServerResetTestExecutionListener, org.springframework.boot.test.autoconfigure.web.servlet.MockMvcPrintOnlyOnFailureTestExecutionListener, org.springframework.boot.test.autoconfigure.web.servlet.WebDriverTestExecutionListener, org.springframework.boot.test.mock.mockito.MockitoTestExecutionListener, org.springframework.boot.test.mock.mockito.ResetMocksTestExecutionListener, org.springframework.test.context.web.ServletTestExecutionListener, org.springframework.test.context.support.DirtiesContextBeforeModesTestExecutionListener, org.springframework.test.context.support.DependencyInjectionTestExecutionListener, org.springframework.test.context.support.DirtiesContextTestExecutionListener, org.springframework.test.context.transaction.TransactionalTestExecutionListener, org.springframework.test.context.jdbc.SqlScriptsTestExecutionListener]
23:11:27.872 [Test worker] INFO org.springframework.boot.test.context.SpringBootTestContextBootstrapper - Using TestExecutionListeners: [org.springframework.test.context.web.ServletTestExecutionListener@3ab0493, org.springframework.test.context.support.DirtiesContextBeforeModesTestExecutionListener@11f59a65, org.springframework.boot.test.mock.mockito.MockitoTestExecutionListener@68d238bd, org.springframework.boot.test.autoconfigure.SpringBootDependencyInjectionTestExecutionListener@7daa3fd7, org.springframework.test.context.support.DirtiesContextTestExecutionListener@267e336d, org.springframework.test.context.transaction.TransactionalTestExecutionListener@1b65b375, org.springframework.test.context.jdbc.SqlScriptsTestExecutionListener@628b6774, org.springframework.security.test.context.support.WithSecurityContextTestExecutionListener@4e73b875, org.springframework.security.test.context.support.ReactorContextTestExecutionListener@19c11f8d, org.springframework.boot.test.autoconfigure.restdocs.RestDocsTestExecutionListener@2f89e9db, org.springframework.boot.test.autoconfigure.web.client.MockRestServiceServerResetTestExecutionListener@16009b99, org.springframework.boot.test.autoconfigure.web.servlet.MockMvcPrintOnlyOnFailureTestExecutionListener@45e3393c, org.springframework.boot.test.autoconfigure.web.servlet.WebDriverTestExecutionListener@544f7b7a, org.springframework.boot.test.mock.mockito.ResetMocksTestExecutionListener@34e89719]
23:11:27.875 [Test worker] DEBUG org.springframework.test.annotation.ProfileValueUtils - Retrieved @ProfileValueSourceConfiguration [null] for test class [org.example.study.springboot.web.IndexControllerTest]
23:11:27.875 [Test worker] DEBUG org.springframework.test.annotation.ProfileValueUtils - Retrieved ProfileValueSource type [class org.springframework.test.annotation.SystemProfileValueSource] for class [org.example.study.springboot.web.IndexControllerTest]
23:11:27.875 [Test worker] DEBUG org.springframework.test.annotation.ProfileValueUtils - Retrieved @ProfileValueSourceConfiguration [null] for test class [org.example.study.springboot.web.IndexControllerTest]
23:11:27.875 [Test worker] DEBUG org.springframework.test.annotation.ProfileValueUtils - Retrieved ProfileValueSource type [class org.springframework.test.annotation.SystemProfileValueSource] for class [org.example.study.springboot.web.IndexControllerTest]
23:11:27.879 [Test worker] DEBUG org.springframework.test.context.support.AbstractDirtiesContextTestExecutionListener - Before test class: context [DefaultTestContext@40b88b6a testClass = IndexControllerTest, testInstance = [null], testMethod = [null], testException = [null], mergedContextConfiguration = [WebMergedContextConfiguration@5e9df4a8 testClass = IndexControllerTest, locations = '{}', classes = '{class org.example.study.springboot.Application}', contextInitializerClasses = '[]', activeProfiles = '{}', propertySourceLocations = '{}', propertySourceProperties = '{org.springframework.boot.test.context.SpringBootTestContextBootstrapper=true, server.port=0}', contextCustomizers = set[org.springframework.boot.test.autoconfigure.properties.PropertyMappingContextCustomizer@0, org.springframework.boot.test.autoconfigure.web.servlet.WebDriverContextCustomizerFactory$Customizer@2362ee18, org.springframework.boot.test.context.filter.ExcludeFilterContextCustomizer@7c1f60ba, org.springframework.boot.test.json.DuplicateJsonObjectContextCustomizerFactory$DuplicateJsonObjectContextCustomizer@428b2d67, org.springframework.boot.test.mock.mockito.MockitoContextCustomizer@0, org.springframework.boot.test.web.client.TestRestTemplateContextCustomizer@4197ef77], resourceBasePath = 'src/main/webapp', contextLoader = 'org.springframework.boot.test.context.SpringBootContextLoader', parent = [null]], attributes = map['org.springframework.test.context.web.ServletTestExecutionListener.activateListener' -> false]], class annotated with @DirtiesContext [false] with mode [null].
23:11:27.879 [Test worker] DEBUG org.springframework.test.annotation.ProfileValueUtils - Retrieved @ProfileValueSourceConfiguration [null] for test class [org.example.study.springboot.web.IndexControllerTest]
23:11:27.880 [Test worker] DEBUG org.springframework.test.annotation.ProfileValueUtils - Retrieved ProfileValueSource type [class org.springframework.test.annotation.SystemProfileValueSource] for class [org.example.study.springboot.web.IndexControllerTest]
23:11:27.883 [Test worker] DEBUG org.springframework.test.context.support.DependencyInjectionTestExecutionListener - Performing dependency injection for test context [[DefaultTestContext@40b88b6a testClass = IndexControllerTest, testInstance = org.example.study.springboot.web.IndexControllerTest@7f574fd0, testMethod = [null], testException = [null], mergedContextConfiguration = [WebMergedContextConfiguration@5e9df4a8 testClass = IndexControllerTest, locations = '{}', classes = '{class org.example.study.springboot.Application}', contextInitializerClasses = '[]', activeProfiles = '{}', propertySourceLocations = '{}', propertySourceProperties = '{org.springframework.boot.test.context.SpringBootTestContextBootstrapper=true, server.port=0}', contextCustomizers = set[org.springframework.boot.test.autoconfigure.properties.PropertyMappingContextCustomizer@0, org.springframework.boot.test.autoconfigure.web.servlet.WebDriverContextCustomizerFactory$Customizer@2362ee18, org.springframework.boot.test.context.filter.ExcludeFilterContextCustomizer@7c1f60ba, org.springframework.boot.test.json.DuplicateJsonObjectContextCustomizerFactory$DuplicateJsonObjectContextCustomizer@428b2d67, org.springframework.boot.test.mock.mockito.MockitoContextCustomizer@0, org.springframework.boot.test.web.client.TestRestTemplateContextCustomizer@4197ef77], resourceBasePath = 'src/main/webapp', contextLoader = 'org.springframework.boot.test.context.SpringBootContextLoader', parent = [null]], attributes = map['org.springframework.test.context.web.ServletTestExecutionListener.activateListener' -> false]]].
23:11:27.900 [Test worker] DEBUG org.springframework.test.context.support.TestPropertySourceUtils - Adding inlined properties to environment: {spring.jmx.enabled=false, org.springframework.boot.test.context.SpringBootTestContextBootstrapper=true, server.port=0}

  .   ____          _            __ _ _
 /\\ / ___'_ __ _ _(_)_ __  __ _ \ \ \ \
( ( )\___ | '_ | '_| | '_ \/ _` | \ \ \ \
 \\/  ___)| |_)| | | | | || (_| |  ) ) ) )
  '  |____| .__|_| |_|_| |_\__, | / / / /
 =========|_|==============|___/=/_/_/_/
 :: Spring Boot ::        (v2.1.7.RELEASE)

2022-12-27 23:11:28.111  INFO 20304 --- [    Test worker] o.e.s.s.web.IndexControllerTest          : Starting IndexControllerTest on DESKTOP-OQG6H09 with PID 20304 (started by lsh3717 in C:\Users\lsh37\OneDrive\바탕 화면\springbootStudy)
2022-12-27 23:11:28.112  INFO 20304 --- [    Test worker] o.e.s.s.web.IndexControllerTest          : No active profile set, falling back to default profiles: default
2022-12-27 23:11:28.707  INFO 20304 --- [    Test worker] .s.d.r.c.RepositoryConfigurationDelegate : Bootstrapping Spring Data repositories in DEFAULT mode.
2022-12-27 23:11:28.774  INFO 20304 --- [    Test worker] .s.d.r.c.RepositoryConfigurationDelegate : Finished Spring Data repository scanning in 60ms. Found 2 repository interfaces.
2022-12-27 23:11:29.147  INFO 20304 --- [    Test worker] trationDelegate$BeanPostProcessorChecker : Bean 'org.springframework.transaction.annotation.ProxyTransactionManagementConfiguration' of type [org.springframework.transaction.annotation.ProxyTransactionManagementConfiguration$$EnhancerBySpringCGLIB$$c85ae0d6] is not eligible for getting processed by all BeanPostProcessors (for example: not eligible for auto-proxying)
2022-12-27 23:11:29.462  INFO 20304 --- [    Test worker] o.s.b.w.embedded.tomcat.TomcatWebServer  : Tomcat initialized with port(s): 0 (http)
2022-12-27 23:11:29.482  INFO 20304 --- [    Test worker] o.apache.catalina.core.StandardService   : Starting service [Tomcat]
2022-12-27 23:11:29.482  INFO 20304 --- [    Test worker] org.apache.catalina.core.StandardEngine  : Starting Servlet engine: [Apache Tomcat/9.0.22]
2022-12-27 23:11:29.601  INFO 20304 --- [    Test worker] o.a.c.c.C.[Tomcat].[localhost].[/]       : Initializing Spring embedded WebApplicationContext
2022-12-27 23:11:29.601  INFO 20304 --- [    Test worker] o.s.web.context.ContextLoader            : Root WebApplicationContext: initialization completed in 1471 ms
2022-12-27 23:11:29.832  INFO 20304 --- [    Test worker] com.zaxxer.hikari.HikariDataSource       : HikariPool-1 - Starting...
2022-12-27 23:11:29.983  INFO 20304 --- [    Test worker] com.zaxxer.hikari.HikariDataSource       : HikariPool-1 - Start completed.
2022-12-27 23:11:30.087  INFO 20304 --- [    Test worker] o.hibernate.jpa.internal.util.LogHelper  : HHH000204: Processing PersistenceUnitInfo [
	name: default
	...]
2022-12-27 23:11:30.167  INFO 20304 --- [    Test worker] org.hibernate.Version                    : HHH000412: Hibernate Core {5.3.10.Final}
2022-12-27 23:11:30.170  INFO 20304 --- [    Test worker] org.hibernate.cfg.Environment            : HHH000206: hibernate.properties not found
2022-12-27 23:11:30.359  INFO 20304 --- [    Test worker] o.hibernate.annotations.common.Version   : HCANN000001: Hibernate Commons Annotations {5.0.4.Final}
2022-12-27 23:11:30.524  INFO 20304 --- [    Test worker] org.hibernate.dialect.Dialect            : HHH000400: Using dialect: org.hibernate.dialect.MySQL5InnoDBDialect
2022-12-27 23:11:31.183  INFO 20304 --- [    Test worker] o.h.t.schema.internal.SchemaCreatorImpl  : HHH000476: Executing import script 'org.hibernate.tool.schema.internal.exec.ScriptSourceInputNonExistentImpl@18a97b87'
2022-12-27 23:11:31.187  INFO 20304 --- [    Test worker] j.LocalContainerEntityManagerFactoryBean : Initialized JPA EntityManagerFactory for persistence unit 'default'
2022-12-27 23:11:31.848  INFO 20304 --- [    Test worker] o.h.h.i.QueryTranslatorFactoryInitiator  : HHH000397: Using ASTQueryTranslatorFactory
2022-12-27 23:11:32.260  INFO 20304 --- [    Test worker] o.s.s.web.DefaultSecurityFilterChain     : Creating filter chain: any request, [org.springframework.security.web.context.request.async.WebAsyncManagerIntegrationFilter@3dc165d2, org.springframework.security.web.context.SecurityContextPersistenceFilter@1c61f8d8, org.springframework.security.web.header.HeaderWriterFilter@346dcd99, org.springframework.security.web.authentication.logout.LogoutFilter@6851d8fd, org.springframework.security.oauth2.client.web.OAuth2AuthorizationRequestRedirectFilter@6b47eff8, org.springframework.security.oauth2.client.web.OAuth2LoginAuthenticationFilter@60d25bd5, org.springframework.security.web.authentication.ui.DefaultLoginPageGeneratingFilter@23d2e4d9, org.springframework.security.web.authentication.ui.DefaultLogoutPageGeneratingFilter@756db3a2, org.springframework.security.web.savedrequest.RequestCacheAwareFilter@6c60309c, org.springframework.security.web.servletapi.SecurityContextHolderAwareRequestFilter@1fa73ea7, org.springframework.security.web.authentication.AnonymousAuthenticationFilter@7208fa06, org.springframework.security.web.session.SessionManagementFilter@2317a8eb, org.springframework.security.web.access.ExceptionTranslationFilter@155c3462, org.springframework.security.web.access.intercept.FilterSecurityInterceptor@33d7bf0d]
2022-12-27 23:11:32.559  INFO 20304 --- [    Test worker] o.s.s.concurrent.ThreadPoolTaskExecutor  : Initializing ExecutorService 'applicationTaskExecutor'
2022-12-27 23:11:32.611  WARN 20304 --- [    Test worker] aWebConfiguration$JpaWebMvcConfiguration : spring.jpa.open-in-view is enabled by default. Therefore, database queries may be performed during view rendering. Explicitly configure spring.jpa.open-in-view to disable this warning
2022-12-27 23:11:32.658  INFO 20304 --- [    Test worker] o.s.b.a.w.s.WelcomePageHandlerMapping    : Adding welcome page template: index
2022-12-27 23:11:33.008  INFO 20304 --- [    Test worker] s.a.ScheduledAnnotationBeanPostProcessor : No TaskScheduler/ScheduledExecutorService bean found for scheduled processing
2022-12-27 23:11:33.030  INFO 20304 --- [    Test worker] o.s.b.w.embedded.tomcat.TomcatWebServer  : Tomcat started on port(s): 58432 (http) with context path ''
2022-12-27 23:11:33.031  INFO 20304 --- [    Test worker] o.e.s.s.web.IndexControllerTest          : Started IndexControllerTest in 5.13 seconds (JVM running for 6.025)
2022-12-27 23:11:33.162  INFO 20304 --- [o-auto-1-exec-1] o.a.c.c.C.[Tomcat].[localhost].[/]       : Initializing Spring DispatcherServlet 'dispatcherServlet'
2022-12-27 23:11:33.162  INFO 20304 --- [o-auto-1-exec-1] o.s.web.servlet.DispatcherServlet        : Initializing Servlet 'dispatcherServlet'
2022-12-27 23:11:33.180  INFO 20304 --- [o-auto-1-exec-1] o.s.web.servlet.DispatcherServlet        : Completed initialization in 18 ms
]]></system-out>
  <system-err><![CDATA[]]></system-err>
</testsuite>
